<?xml version="1.0" encoding="UTF-8"?>
<!-- Generated by org.testng.reporters.JUnitXMLReporter -->
<testsuite ignored="0" hostname="Bhaveshkumars-MacBook-Air.local" failures="0" tests="4" name="Search Engine Test Automation" time="15.475" errors="0" timestamp="2024-02-01T22:49:56 CST">
  <testcase classname="com.seta.testcases.GoogleSearchTests" name="verifyGoogleSearchFirstLink" time="3.721"/>
  <testcase classname="com.seta.testcases.GoogleSearchTests" name="verifyGoogleSearchWithAlphaNumericCharTerm" time="2.007"/>
  <testcase classname="com.seta.testcases.GoogleSearchTests" name="verifyGoogleSearchWithBadTerm" time="1.853"/>
  <testcase classname="com.seta.testcases.GoogleSearchTests" name="verifyGoogleSearchWithSpecialCharTerm" time="3.958"/>
</testsuite> <!-- Search Engine Test Automation -->
