<?xml version="1.0" encoding="UTF-8"?>
<!-- Generated by org.testng.reporters.JUnitXMLReporter -->
<testsuite ignored="4" hostname="Bhaveshkumars-MacBook-Air.local" failures="0" tests="17" name="Search Engine Test Automation" time="111.258" errors="0" timestamp="2024-02-06T12:39:20 CST">
  <testcase classname="com.seta.testcases.GoogleSearchTests" name="verifyGoogleSearchFirstLinkTest" time="7.023"/>
  <testcase classname="com.seta.testcases.GoogleSearchTests" name="verifyGoogleSearchTopThreeTermResultsTest" time="2.956"/>
  <testcase classname="com.seta.testcases.GoogleSearchTests" name="verifyGoogleSearchWithAlphaNumericCharTermTest" time="5.362"/>
  <testcase classname="com.seta.testcases.GoogleSearchTests" name="verifyGoogleSearchWithBadTermTest" time="3.536"/>
  <testcase classname="com.seta.testcases.GoogleSearchTests" name="verifyGoogleSearchWithMisSpelledCorrectionTermTest" time="8.193"/>
  <testcase classname="com.seta.testcases.GoogleSearchTests" name="verifyGoogleSearchWithSpecialCharTermTest" time="5.781"/>
  <testcase classname="com.seta.testcases.YahooSearchTests" name="verifyYahooSearchFirstLinkTest" time="5.213"/>
  <testcase classname="com.seta.testcases.YahooSearchTests" name="verifyYahooSearchTopThreeTermResultsTest" time="3.127"/>
  <testcase classname="com.seta.testcases.YahooSearchTests" name="verifyYahooSearchWithAlphaNumericCharTermTest" time="5.901"/>
  <testcase classname="com.seta.testcases.YahooSearchTests" name="verifyYahooSearchWithBadTermTest" time="5.207"/>
  <testcase classname="com.seta.testcases.YahooSearchTests" name="verifyYahooSearchWithMisSpelledCorrectionTermTest" time="5.196"/>
  <testcase classname="com.seta.testcases.YahooSearchTests" name="verifyYahooSearchWithSpecialCharTermTest" time="5.617"/>
  <testcase classname="com.seta.testcases.BingSearchTests" name="verifyBingSearchFirstLinkTest" time="3.878"/>
  <testcase classname="com.seta.testcases.BingSearchTests" name="verifyBingSearchWithAlphaNumericCharTermTest" time="3.776"/>
  <testcase classname="com.seta.testcases.BingSearchTests" name="verifyBingSearchWithMisSpelledCorrectionTermTest" time="4.043"/>
  <testcase classname="com.seta.testcases.BingSearchTests" name="verifyBingSearchWithSpecialCharTermTest" time="4.133"/>
  <testcase classname="com.seta.testcases.BingSearchTests" name="verifyBingTopThreeTermSearchResultsTest" time="1.911"/>
  <testcase classname="com.seta.base.BaseClass" name="@AfterSuite afterSuite" time="0.0">
    <ignored/>
  </testcase> <!-- @AfterSuite afterSuite -->
  <testcase classname="com.seta.base.BaseClass" name="@AfterSuite afterSuite" time="0.0">
    <ignored/>
  </testcase> <!-- @AfterSuite afterSuite -->
  <testcase classname="com.seta.base.BaseClass" name="@BeforeSuite beforeSuite" time="0.0">
    <ignored/>
  </testcase> <!-- @BeforeSuite beforeSuite -->
  <testcase classname="com.seta.base.BaseClass" name="@BeforeSuite beforeSuite" time="0.0">
    <ignored/>
  </testcase> <!-- @BeforeSuite beforeSuite -->
</testsuite> <!-- Search Engine Test Automation -->
