<?xml version="1.0" encoding="UTF-8"?>
<!-- Generated by org.testng.reporters.JUnitXMLReporter -->
<testsuite ignored="0" hostname="Bhaveshkumars-MacBook-Air.local" failures="0" tests="5" name="Default test" time="18.496" errors="0" timestamp="2024-02-02T03:01:21 CST">
  <testcase classname="com.seta.testcases.GoogleSearchTests" name="verifyGoogleSearchFirstLinkTest" time="3.345"/>
  <testcase classname="com.seta.testcases.GoogleSearchTests" name="verifyGoogleSearchWithAlphaNumericCharTermTest" time="2.133"/>
  <testcase classname="com.seta.testcases.GoogleSearchTests" name="verifyGoogleSearchWithBadTermTest" time="1.936"/>
  <testcase classname="com.seta.testcases.GoogleSearchTests" name="verifyGoogleSearchWithMisSpelledCorrectionTermTest" time="3.766"/>
  <testcase classname="com.seta.testcases.GoogleSearchTests" name="verifyGoogleSearchWithSpecialCharTermTest" time="2.953"/>
</testsuite> <!-- Default test -->
