<?xml version="1.0" encoding="UTF-8"?>
<!-- Generated by org.testng.reporters.JUnitXMLReporter -->
<testsuite ignored="4" hostname="Bhaveshkumars-MacBook-Air.local" failures="0" tests="1" name="Default test" time="3.705" errors="0" timestamp="2024-02-06T12:45:00 CST">
  <testcase classname="com.seta.testcases.BingSearchTests" name="verifyBingTopThreeTermSearchResultsTest" time="1.901"/>
  <testcase classname="com.seta.testcases.BingSearchTests" name="verifyBingSearchWithSpecialCharTermTest" time="0.0">
    <ignored/>
  </testcase> <!-- verifyBingSearchWithSpecialCharTermTest -->
  <testcase classname="com.seta.testcases.BingSearchTests" name="verifyBingSearchFirstLinkTest" time="0.0">
    <ignored/>
  </testcase> <!-- verifyBingSearchFirstLinkTest -->
  <testcase classname="com.seta.testcases.BingSearchTests" name="verifyBingSearchWithAlphaNumericCharTermTest" time="0.0">
    <ignored/>
  </testcase> <!-- verifyBingSearchWithAlphaNumericCharTermTest -->
  <testcase classname="com.seta.testcases.BingSearchTests" name="verifyBingSearchWithMisSpelledCorrectionTermTest" time="0.0">
    <ignored/>
  </testcase> <!-- verifyBingSearchWithMisSpelledCorrectionTermTest -->
</testsuite> <!-- Default test -->
