<?xml version="1.0" encoding="UTF-8"?>
<!-- Generated by org.testng.reporters.JUnitXMLReporter -->
<testsuite ignored="0" hostname="Bhaveshkumars-MacBook-Air.local" failures="0" tests="4" name="Search Engine Framework Assignment" time="0.02" errors="0" timestamp="2024-02-01T22:09:15 CST">
  <testcase classname="com.seta.base.BaseClass" name="@BeforeSuite beforeSuite" time="0.003">
    <failure type="java.lang.Error" message="Unresolved compilation problem: 
	DOMConfigurator cannot be resolved
">
      <![CDATA[java.lang.Error: Unresolved compilation problem: 
DOMConfigurator cannot be resolved

at com.seta.base.BaseClass.beforeSuite(BaseClass.java:44)
... Removed 17 stack frames]]>
    </failure>
  </testcase> <!-- @BeforeSuite beforeSuite -->
  <testcase classname="com.seta.base.BaseClass" name="@BeforeClass setup" time="-1.706846950511E9">
    <skipped/>
  </testcase> <!-- @BeforeClass setup -->
  <testcase classname="com.seta.testcases.GoogleSearchTests" name="@BeforeMethod beforeMethod" time="-1.706846950516E9">
    <skipped/>
  </testcase> <!-- @BeforeMethod beforeMethod -->
  <testcase classname="com.seta.testcases.GoogleSearchTests" name="@AfterMethod afterMethod" time="-1.706846950518E9">
    <skipped/>
  </testcase> <!-- @AfterMethod afterMethod -->
  <testcase classname="com.seta.testcases.GoogleSearchTests" name="@BeforeMethod beforeMethod" time="-1.706846950519E9">
    <skipped/>
  </testcase> <!-- @BeforeMethod beforeMethod -->
  <testcase classname="com.seta.testcases.GoogleSearchTests" name="@AfterMethod afterMethod" time="-1.706846950521E9">
    <skipped/>
  </testcase> <!-- @AfterMethod afterMethod -->
  <testcase classname="com.seta.testcases.GoogleSearchTests" name="@BeforeMethod beforeMethod" time="-1.706846950521E9">
    <skipped/>
  </testcase> <!-- @BeforeMethod beforeMethod -->
  <testcase classname="com.seta.testcases.GoogleSearchTests" name="@AfterMethod afterMethod" time="-1.706846950523E9">
    <skipped/>
  </testcase> <!-- @AfterMethod afterMethod -->
  <testcase classname="com.seta.testcases.GoogleSearchTests" name="@BeforeMethod beforeMethod" time="-1.706846950523E9">
    <skipped/>
  </testcase> <!-- @BeforeMethod beforeMethod -->
  <testcase classname="com.seta.testcases.GoogleSearchTests" name="@AfterMethod afterMethod" time="-1.706846950524E9">
    <skipped/>
  </testcase> <!-- @AfterMethod afterMethod -->
  <testcase classname="com.seta.base.BaseClass" name="@AfterClass tearDown" time="-1.706846950525E9">
    <skipped/>
  </testcase> <!-- @AfterClass tearDown -->
  <testcase classname="com.seta.testcases.GoogleSearchTests" name="verifyGoogleSearchFirstLink" time="0.0">
    <skipped/>
  </testcase> <!-- verifyGoogleSearchFirstLink -->
  <testcase classname="com.seta.testcases.GoogleSearchTests" name="verifyGoogleSearchWithAlphaNumericCharTerm" time="0.0">
    <skipped/>
  </testcase> <!-- verifyGoogleSearchWithAlphaNumericCharTerm -->
  <testcase classname="com.seta.testcases.GoogleSearchTests" name="verifyGoogleSearchWithBadTerm" time="0.0">
    <skipped/>
  </testcase> <!-- verifyGoogleSearchWithBadTerm -->
  <testcase classname="com.seta.testcases.GoogleSearchTests" name="verifyGoogleSearchWithSpecialCharTerm" time="0.0">
    <skipped/>
  </testcase> <!-- verifyGoogleSearchWithSpecialCharTerm -->
</testsuite> <!-- Search Engine Framework Assignment -->
