<?xml version="1.0" encoding="UTF-8"?>
<testng-results ignored="0" total="5" passed="5" failed="0" skipped="0">
  <reporter-output>
  </reporter-output>
  <suite started-at="2024-02-02T03:00:57 CST" name="Default suite" finished-at="2024-02-02T03:01:16 CST" duration-ms="18496">
    <groups>
    </groups>
    <test started-at="2024-02-02T03:00:57 CST" name="Default test" finished-at="2024-02-02T03:01:16 CST" duration-ms="18496">
      <class name="com.seta.testcases.GoogleSearchTests">
        <test-method is-config="true" signature="beforeSuite()[pri:0, instance:com.seta.testcases.GoogleSearchTests@31368b99]" started-at="2024-02-02T03:00:57 CST" name="beforeSuite" finished-at="2024-02-02T03:00:57 CST" duration-ms="80" status="PASS">
          <reporter-output>
          </reporter-output>
        </test-method> <!-- beforeSuite -->
        <test-method is-config="true" signature="setup()[pri:0, instance:com.seta.testcases.GoogleSearchTests@31368b99]" started-at="2024-02-02T03:00:57 CST" name="setup" finished-at="2024-02-02T03:00:59 CST" duration-ms="1613" status="PASS">
          <reporter-output>
          </reporter-output>
        </test-method> <!-- setup -->
        <test-method is-config="true" signature="beforeMethod()[pri:0, instance:com.seta.testcases.GoogleSearchTests@31368b99]" started-at="2024-02-02T03:00:59 CST" name="beforeMethod" finished-at="2024-02-02T03:01:00 CST" duration-ms="1266" status="PASS">
          <reporter-output>
          </reporter-output>
        </test-method> <!-- beforeMethod -->
        <test-method signature="verifyGoogleSearchFirstLinkTest()[pri:0, instance:com.seta.testcases.GoogleSearchTests@31368b99]" started-at="2024-02-02T03:01:00 CST" name="verifyGoogleSearchFirstLinkTest" finished-at="2024-02-02T03:01:03 CST" duration-ms="3345" status="PASS">
          <reporter-output>
          </reporter-output>
        </test-method> <!-- verifyGoogleSearchFirstLinkTest -->
        <test-method is-config="true" signature="afterMethod(org.testng.ITestResult)[pri:0, instance:com.seta.testcases.GoogleSearchTests@31368b99]" started-at="2024-02-02T03:01:03 CST" name="afterMethod" finished-at="2024-02-02T03:01:03 CST" duration-ms="1" status="PASS">
          <params>
            <param index="0">
              <value>
                <![CDATA[[TestResult name=verifyGoogleSearchFirstLinkTest status=SUCCESS method=GoogleSearchTests.verifyGoogleSearchFirstLinkTest()[pri:0, instance:com.seta.testcases.GoogleSearchTests@31368b99] output={null}]]]>
              </value>
            </param>
          </params>
          <reporter-output>
          </reporter-output>
        </test-method> <!-- afterMethod -->
        <test-method is-config="true" signature="beforeMethod()[pri:0, instance:com.seta.testcases.GoogleSearchTests@31368b99]" started-at="2024-02-02T03:01:03 CST" name="beforeMethod" finished-at="2024-02-02T03:01:04 CST" duration-ms="699" status="PASS">
          <reporter-output>
          </reporter-output>
        </test-method> <!-- beforeMethod -->
        <test-method signature="verifyGoogleSearchWithAlphaNumericCharTermTest()[pri:0, instance:com.seta.testcases.GoogleSearchTests@31368b99]" started-at="2024-02-02T03:01:04 CST" name="verifyGoogleSearchWithAlphaNumericCharTermTest" finished-at="2024-02-02T03:01:06 CST" duration-ms="2133" status="PASS">
          <reporter-output>
          </reporter-output>
        </test-method> <!-- verifyGoogleSearchWithAlphaNumericCharTermTest -->
        <test-method is-config="true" signature="beforeMethod()[pri:0, instance:com.seta.testcases.GoogleSearchTests@31368b99]" started-at="2024-02-02T03:01:06 CST" name="beforeMethod" finished-at="2024-02-02T03:01:07 CST" duration-ms="258" status="PASS">
          <reporter-output>
          </reporter-output>
        </test-method> <!-- beforeMethod -->
        <test-method is-config="true" signature="afterMethod(org.testng.ITestResult)[pri:0, instance:com.seta.testcases.GoogleSearchTests@31368b99]" started-at="2024-02-02T03:01:06 CST" name="afterMethod" finished-at="2024-02-02T03:01:06 CST" duration-ms="0" status="PASS">
          <params>
            <param index="0">
              <value>
                <![CDATA[[TestResult name=verifyGoogleSearchWithAlphaNumericCharTermTest status=SUCCESS method=GoogleSearchTests.verifyGoogleSearchWithAlphaNumericCharTermTest()[pri:0, instance:com.seta.testcases.GoogleSearchTests@31368b99] output={null}]]]>
              </value>
            </param>
          </params>
          <reporter-output>
          </reporter-output>
        </test-method> <!-- afterMethod -->
        <test-method signature="verifyGoogleSearchWithBadTermTest()[pri:0, instance:com.seta.testcases.GoogleSearchTests@31368b99]" started-at="2024-02-02T03:01:07 CST" name="verifyGoogleSearchWithBadTermTest" finished-at="2024-02-02T03:01:08 CST" duration-ms="1936" status="PASS">
          <reporter-output>
          </reporter-output>
        </test-method> <!-- verifyGoogleSearchWithBadTermTest -->
        <test-method is-config="true" signature="afterMethod(org.testng.ITestResult)[pri:0, instance:com.seta.testcases.GoogleSearchTests@31368b99]" started-at="2024-02-02T03:01:08 CST" name="afterMethod" finished-at="2024-02-02T03:01:08 CST" duration-ms="0" status="PASS">
          <params>
            <param index="0">
              <value>
                <![CDATA[[TestResult name=verifyGoogleSearchWithBadTermTest status=SUCCESS method=GoogleSearchTests.verifyGoogleSearchWithBadTermTest()[pri:0, instance:com.seta.testcases.GoogleSearchTests@31368b99] output={null}]]]>
              </value>
            </param>
          </params>
          <reporter-output>
          </reporter-output>
        </test-method> <!-- afterMethod -->
        <test-method is-config="true" signature="beforeMethod()[pri:0, instance:com.seta.testcases.GoogleSearchTests@31368b99]" started-at="2024-02-02T03:01:08 CST" name="beforeMethod" finished-at="2024-02-02T03:01:09 CST" duration-ms="178" status="PASS">
          <reporter-output>
          </reporter-output>
        </test-method> <!-- beforeMethod -->
        <test-method signature="verifyGoogleSearchWithMisSpelledCorrectionTermTest()[pri:0, instance:com.seta.testcases.GoogleSearchTests@31368b99]" started-at="2024-02-02T03:01:09 CST" name="verifyGoogleSearchWithMisSpelledCorrectionTermTest" finished-at="2024-02-02T03:01:12 CST" duration-ms="3766" status="PASS">
          <reporter-output>
          </reporter-output>
        </test-method> <!-- verifyGoogleSearchWithMisSpelledCorrectionTermTest -->
        <test-method is-config="true" signature="afterMethod(org.testng.ITestResult)[pri:0, instance:com.seta.testcases.GoogleSearchTests@31368b99]" started-at="2024-02-02T03:01:12 CST" name="afterMethod" finished-at="2024-02-02T03:01:12 CST" duration-ms="1" status="PASS">
          <params>
            <param index="0">
              <value>
                <![CDATA[[TestResult name=verifyGoogleSearchWithMisSpelledCorrectionTermTest status=SUCCESS method=GoogleSearchTests.verifyGoogleSearchWithMisSpelledCorrectionTermTest()[pri:0, instance:com.seta.testcases.GoogleSearchTests@31368b99] output={null}]]]>
              </value>
            </param>
          </params>
          <reporter-output>
          </reporter-output>
        </test-method> <!-- afterMethod -->
        <test-method is-config="true" signature="beforeMethod()[pri:0, instance:com.seta.testcases.GoogleSearchTests@31368b99]" started-at="2024-02-02T03:01:12 CST" name="beforeMethod" finished-at="2024-02-02T03:01:13 CST" duration-ms="206" status="PASS">
          <reporter-output>
          </reporter-output>
        </test-method> <!-- beforeMethod -->
        <test-method signature="verifyGoogleSearchWithSpecialCharTermTest()[pri:0, instance:com.seta.testcases.GoogleSearchTests@31368b99]" started-at="2024-02-02T03:01:13 CST" name="verifyGoogleSearchWithSpecialCharTermTest" finished-at="2024-02-02T03:01:16 CST" duration-ms="2953" status="PASS">
          <reporter-output>
          </reporter-output>
        </test-method> <!-- verifyGoogleSearchWithSpecialCharTermTest -->
        <test-method is-config="true" signature="tearDown()[pri:0, instance:com.seta.testcases.GoogleSearchTests@31368b99]" started-at="2024-02-02T03:01:16 CST" name="tearDown" finished-at="2024-02-02T03:01:16 CST" duration-ms="125" status="PASS">
          <reporter-output>
          </reporter-output>
        </test-method> <!-- tearDown -->
        <test-method is-config="true" signature="afterMethod(org.testng.ITestResult)[pri:0, instance:com.seta.testcases.GoogleSearchTests@31368b99]" started-at="2024-02-02T03:01:16 CST" name="afterMethod" finished-at="2024-02-02T03:01:16 CST" duration-ms="0" status="PASS">
          <params>
            <param index="0">
              <value>
                <![CDATA[[TestResult name=verifyGoogleSearchWithSpecialCharTermTest status=SUCCESS method=GoogleSearchTests.verifyGoogleSearchWithSpecialCharTermTest()[pri:0, instance:com.seta.testcases.GoogleSearchTests@31368b99] output={null}]]]>
              </value>
            </param>
          </params>
          <reporter-output>
          </reporter-output>
        </test-method> <!-- afterMethod -->
        <test-method is-config="true" signature="afterSuite()[pri:0, instance:com.seta.testcases.GoogleSearchTests@31368b99]" started-at="2024-02-02T03:01:21 CST" name="afterSuite" finished-at="2024-02-02T03:01:21 CST" duration-ms="123" status="PASS">
          <reporter-output>
          </reporter-output>
        </test-method> <!-- afterSuite -->
      </class> <!-- com.seta.testcases.GoogleSearchTests -->
    </test> <!-- Default test -->
  </suite> <!-- Default suite -->
</testng-results>
